GROUP,PACKAGE,CLASS,INSTRUCTION_MISSED,INSTRUCTION_COVERED,BRANCH_MISSED,BRANCH_COVERED,LINE_MISSED,LINE_COVERED,COMPLEXITY_MISSED,COMPLEXITY_COVERED,METHOD_MISSED,METHOD_COVERED
Spring Boot Docker For S1-PDGS Archives,esa.s1pdgs.cpoc.archives.config.kafka,KafkaConsumerConfig,7,126,0,0,2,27,0,6,0,6
Spring Boot Docker For S1-PDGS Archives,esa.s1pdgs.cpoc.archives.controller,ReportsConsumer,0,88,0,0,0,25,0,3,0,3
Spring Boot Docker For S1-PDGS Archives,esa.s1pdgs.cpoc.archives.controller,SlicesConsumer,0,123,0,2,0,29,0,4,0,3
Spring Boot Docker For S1-PDGS Archives,esa.s1pdgs.cpoc.archives.services,ObsConfig,0,5,0,0,0,2,0,2,0,2
Spring Boot Docker For S1-PDGS Archives,esa.s1pdgs.cpoc.archives.services,ObsService,0,145,1,14,0,43,1,14,0,5
Spring Boot Docker For S1-PDGS Archives,esa.s1pdgs.cpoc.archives.services,ObsService.new Object() {...},6,41,0,0,0,1,0,1,0,1
Spring Boot Docker For S1-PDGS Archives,esa.s1pdgs.cpoc.archives,DevProperties,0,10,0,0,0,4,0,3,0,3
Spring Boot Docker For S1-PDGS Archives,esa.s1pdgs.cpoc.archives,Application,0,8,0,0,0,3,0,2,0,2
